Picked up JAVA_TOOL_OPTIONS: -Dstdout.encoding=UTF-8 -Dstderr.encoding=UTF-8
[INFO] Scanning for projects...
[INFO] 
[INFO] -------------------------< com.umc:biblioteca >-------------------------
[INFO] Building biblioteca 0.0.1-SNAPSHOT
[INFO]   from pom.xml
[INFO] --------------------------------[ jar ]---------------------------------
[INFO] 
[INFO] --- clean:3.3.2:clean (default-clean) @ biblioteca ---
[INFO] Deleting c:\Users\lud_b\OneDrive\Documentos\umc\biblioteca-backend-java 1\biblioteca-backend-java\biblioteca-backend-java\biblioteca\target
[INFO] 
[INFO] --- resources:3.3.1:resources (default-resources) @ biblioteca ---
[INFO] Copying 1 resource from src\main\resources to target\classes
[INFO] Copying 12 resources from src\main\resources to target\classes
[INFO] 
[INFO] --- compiler:3.11.0:compile (default-compile) @ biblioteca ---
[INFO] Changes detected - recompiling the module! :source
[INFO] Compiling 25 source files with javac [debug release 17] to target\classes
[INFO] 
[INFO] --- resources:3.3.1:testResources (default-testResources) @ biblioteca ---
[INFO] skip non existing resourceDirectory c:\Users\lud_b\OneDrive\Documentos\umc\biblioteca-backend-java 1\biblioteca-backend-java\biblioteca-backend-java\biblioteca\src\test\resources
[INFO] 
[INFO] --- compiler:3.11.0:testCompile (default-testCompile) @ biblioteca ---
[INFO] Changes detected - recompiling the module! :dependency
[INFO] Compiling 1 source file with javac [debug release 17] to target\test-classes
[INFO] 
[INFO] --- surefire:3.1.2:test (default-test) @ biblioteca ---
[INFO] Tests are skipped.
[INFO] 
[INFO] --- jar:3.3.0:jar (default-jar) @ biblioteca ---
[INFO] Building jar: c:\Users\lud_b\OneDrive\Documentos\umc\biblioteca-backend-java 1\biblioteca-backend-java\biblioteca-backend-java\biblioteca\target\biblioteca-0.0.1-SNAPSHOT.jar
[INFO] 
[INFO] --- spring-boot:3.2.5:repackage (repackage) @ biblioteca ---
[INFO] Replacing main artifact c:\Users\lud_b\OneDrive\Documentos\umc\biblioteca-backend-java 1\biblioteca-backend-java\biblioteca-backend-java\biblioteca\target\biblioteca-0.0.1-SNAPSHOT.jar with repackaged archive, adding nested dependencies in BOOT-INF/.
[INFO] The original artifact has been renamed to c:\Users\lud_b\OneDrive\Documentos\umc\biblioteca-backend-java 1\biblioteca-backend-java\biblioteca-backend-java\biblioteca\target\biblioteca-0.0.1-SNAPSHOT.jar.original
[INFO] 
[INFO] --- install:3.1.1:install (default-install) @ biblioteca ---
[INFO] Installing c:\Users\lud_b\OneDrive\Documentos\umc\biblioteca-backend-java 1\biblioteca-backend-java\biblioteca-backend-java\biblioteca\pom.xml to C:\Users\lud_b\.m2\repository\com\umc\biblioteca\0.0.1-SNAPSHOT\biblioteca-0.0.1-SNAPSHOT.pom
[INFO] Installing c:\Users\lud_b\OneDrive\Documentos\umc\biblioteca-backend-java 1\biblioteca-backend-java\biblioteca-backend-java\biblioteca\target\biblioteca-0.0.1-SNAPSHOT.jar to C:\Users\lud_b\.m2\repository\com\umc\biblioteca\0.0.1-SNAPSHOT\biblioteca-0.0.1-SNAPSHOT.jar
[INFO] ------------------------------------------------------------------------
[INFO] BUILD SUCCESS
[INFO] ------------------------------------------------------------------------
[INFO] Total time:  11.103 s
[INFO] Finished at: 2026-04-21T19:54:38-03:00
[INFO] ------------------------------------------------------------------------
